<?xml version="1.0" encoding="UTF-8"?>
<testsuite xmlns:xsi="http://www.w3.org/2001/XMLSchema-instance" xsi:noNamespaceSchemaLocation="https://maven.apache.org/surefire/maven-surefire-plugin/xsd/surefire-test-report-3.0.xsd" version="3.0" name="al.golocal.repository.ProductRepositoryTest" time="2.684" tests="1" errors="0" skipped="0" failures="0">
  <properties>
[...]
</properties>
  <testcase name="productRepository_saveProduct_returnProduct" classname="al.golocal.repository.ProductRepositoryTest" time="0.361">
    <system-out><![CDATA[20:31:29.112 [main] INFO org.springframework.test.context.support.AnnotationConfigContextLoaderUtils -- Could not detect default configuration classes for test class [al.golocal.repository.ProductRepositoryTest]: ProductRepositoryTest does not declare any static, non-private, non-final, nested classes annotated with @Configuration.
20:31:29.187 [main] INFO org.springframework.boot.test.context.SpringBootTestContextBootstrapper -- Found @SpringBootConfiguration al.golocal.GolocalApplication for test class al.golocal.repository.ProductRepositoryTest
20:31:29.227 [main] INFO org.springframework.boot.devtools.restart.RestartApplicationListener -- Restart disabled due to context in which it is running

  .   ____          _            __ _ _
 /\\ / ___'_ __ _ _(_)_ __  __ _ \ \ \ \
( ( )\___ | '_ | '_| | '_ \/ _` | \ \ \ \
 \\/  ___)| |_)| | | | | || (_| |  ) ) ) )
  '  |____| .__|_| |_|_| |_\__, | / / / /
 =========|_|==============|___/=/_/_/_/

 :: Spring Boot ::                (v3.3.5)

2025-02-02T20:31:29.402+01:00  INFO 28377 --- [golocal-api] [           main] a.g.repository.ProductRepositoryTest     : Starting ProductRepositoryTest using Java 21.0.5 with PID 28377 (started by rifatosmani in /Users/rifatosmani/workspace/golocal/golocal-api)
2025-02-02T20:31:29.403+01:00  INFO 28377 --- [golocal-api] [           main] a.g.repository.ProductRepositoryTest     : The following 1 profile is active: "test"
2025-02-02T20:31:29.637+01:00  INFO 28377 --- [golocal-api] [           main] .s.d.r.c.RepositoryConfigurationDelegate : Bootstrapping Spring Data JPA repositories in DEFAULT mode.
2025-02-02T20:31:29.676+01:00  INFO 28377 --- [golocal-api] [           main] .s.d.r.c.RepositoryConfigurationDelegate : Finished Spring Data repository scanning in 35 ms. Found 7 JPA repository interfaces.
2025-02-02T20:31:29.702+01:00  INFO 28377 --- [golocal-api] [           main] beddedDataSourceBeanFactoryPostProcessor : Replacing 'dataSource' DataSource bean with embedded version
2025-02-02T20:31:29.780+01:00  INFO 28377 --- [golocal-api] [           main] o.s.j.d.e.EmbeddedDatabaseFactory        : Starting embedded database: url='jdbc:h2:mem:bdb3b4cd-5ad3-4798-8eec-e30d35526d78;DB_CLOSE_DELAY=-1;DB_CLOSE_ON_EXIT=false', username='sa'
2025-02-02T20:31:29.932+01:00  INFO 28377 --- [golocal-api] [           main] o.hibernate.jpa.internal.util.LogHelper  : HHH000204: Processing PersistenceUnitInfo [name: default]
2025-02-02T20:31:29.960+01:00  INFO 28377 --- [golocal-api] [           main] org.hibernate.Version                    : HHH000412: Hibernate ORM core version 6.5.3.Final
2025-02-02T20:31:29.977+01:00  INFO 28377 --- [golocal-api] [           main] o.h.c.internal.RegionFactoryInitiator    : HHH000026: Second-level cache disabled
2025-02-02T20:31:30.130+01:00  INFO 28377 --- [golocal-api] [           main] o.s.o.j.p.SpringPersistenceUnitInfo      : No LoadTimeWeaver setup: ignoring JPA class transformer
2025-02-02T20:31:30.156+01:00  WARN 28377 --- [golocal-api] [           main] org.hibernate.dialect.Dialect            : HHH000511: The 2.3.232 version for [org.hibernate.dialect.PostgreSQLDialect] is no longer supported, hence certain features may not work properly. The minimum supported version is 12.0.0. Check the community dialects project for available legacy versions.
2025-02-02T20:31:30.160+01:00  WARN 28377 --- [golocal-api] [           main] org.hibernate.orm.deprecation            : HHH90000025: PostgreSQLDialect does not need to be specified explicitly using 'hibernate.dialect' (remove the property setting and it will be selected by default)
2025-02-02T20:31:30.704+01:00  INFO 28377 --- [golocal-api] [           main] o.h.e.t.j.p.i.JtaPlatformInitiator       : HHH000489: No JTA platform available (set 'hibernate.transaction.jta.platform' to enable JTA platform integration)
Hibernate: create table address (address_id bigint not null, address varchar(255) not null, city varchar(100) not null, country varchar(100) not null, latitude float(53) not null, longitude float(53) not null, zip_code varchar(20) not null, primary key (address_id))
Hibernate: create table category (category_id bigint not null, add_date timestamp(6), description varchar(255), mod_date timestamp(6), name varchar(255), status integer not null, parent_id bigint, primary key (category_id))
Hibernate: create table media (media_id bigint not null, add_date timestamp(6), file_name varchar(255), main boolean, mod_date timestamp(6), ref_id bigint, ref_table varchar(255), status integer, url varchar(255) not null, primary key (media_id))
Hibernate: create table product (product_id bigint not null, add_date timestamp(6), description varchar(255), mod_date timestamp(6), name varchar(255), price float(53), status integer, category_id bigint not null, site_id bigint not null, primary key (product_id))
Hibernate: create table role (role_id bigint not null, add_date timestamp(6), description varchar(255) not null, mod_date timestamp(6), name varchar(255) not null check (name in ('USER','ADMIN')), primary key (role_id))
Hibernate: create table site (site_id bigint not null, add_date timestamp(6), category_id bigint, description varchar(255), ext_description varchar(255), mod_date timestamp(6), name varchar(255), status integer, user_id bigint, address_id bigint, primary key (site_id))
Hibernate: create table user_data (user_id bigint not null, add_date timestamp(6), email varchar(100) not null, first_name varchar(255) not null, last_name varchar(255) not null, mod_date timestamp(6), password varchar(255) not null, username varchar(255) not null, address_id bigint, role_id bigint not null, primary key (user_id))
Hibernate: alter table if exists role drop constraint if exists UK8sewwnpamngi6b1dwaa88askk
Hibernate: alter table if exists role add constraint UK8sewwnpamngi6b1dwaa88askk unique (name)
Hibernate: alter table if exists site drop constraint if exists UK4thfayjvv2u32qhkinmkyye76
Hibernate: alter table if exists site add constraint UK4thfayjvv2u32qhkinmkyye76 unique (address_id)
Hibernate: alter table if exists user_data drop constraint if exists UKdhxuydjj5l1vds6s9eex23dcr
Hibernate: alter table if exists user_data add constraint UKdhxuydjj5l1vds6s9eex23dcr unique (email)
Hibernate: alter table if exists user_data drop constraint if exists UKrybdiw53r59u2b0ixlfb3q5ty
Hibernate: alter table if exists user_data add constraint UKrybdiw53r59u2b0ixlfb3q5ty unique (address_id)
Hibernate: create sequence address_seq start with 1 increment by 50
Hibernate: create sequence category_seq start with 1 increment by 50
Hibernate: create sequence media_seq start with 1 increment by 50
Hibernate: create sequence product_seq start with 1 increment by 50
Hibernate: create sequence role_seq start with 1 increment by 50
Hibernate: create sequence site_seq start with 1 increment by 50
Hibernate: create sequence user_data_seq start with 1 increment by 50
Hibernate: alter table if exists category add constraint FK2y94svpmqttx80mshyny85wqr foreign key (parent_id) references category
Hibernate: alter table if exists product add constraint FK1mtsbur82frn64de7balymq9s foreign key (category_id) references category
Hibernate: alter table if exists product add constraint FKnvaelqvh5pkpa458ndm30gu03 foreign key (site_id) references site
Hibernate: alter table if exists site add constraint FKfede9q0gech17tk5ltvavp12p foreign key (address_id) references address
Hibernate: alter table if exists user_data add constraint FKr07d3wy86wr30y85ksign0j33 foreign key (address_id) references address
Hibernate: alter table if exists user_data add constraint FKgncf1vvbajaacneenww3i5vyv foreign key (role_id) references role
2025-02-02T20:31:30.740+01:00  INFO 28377 --- [golocal-api] [           main] j.LocalContainerEntityManagerFactoryBean : Initialized JPA EntityManagerFactory for persistence unit 'default'
2025-02-02T20:31:30.898+01:00  INFO 28377 --- [golocal-api] [           main] o.s.d.j.r.query.QueryEnhancerFactory     : Hibernate is in classpath; If applicable, HQL parser will be used.
2025-02-02T20:31:31.332+01:00  INFO 28377 --- [golocal-api] [           main] a.g.repository.ProductRepositoryTest     : Started ProductRepositoryTest in 2.112 seconds (process running for 2.639)
Hibernate: select nextval('product_seq')
]]></system-out>
    <system-err><![CDATA[WARNING: A Java agent has been loaded dynamically (/Users/rifatosmani/.m2/repository/net/bytebuddy/byte-buddy-agent/1.14.19/byte-buddy-agent-1.14.19.jar)
WARNING: If a serviceability tool is in use, please run with -XX:+EnableDynamicAgentLoading to hide this warning
WARNING: If a serviceability tool is not in use, please run with -Djdk.instrument.traceUsage for more information
WARNING: Dynamic loading of agents will be disallowed by default in a future release
]]></system-err>
  </testcase>
</testsuite>