<?xml version="1.0" encoding="UTF-8"?>
<testsuite xmlns:xsi="http://www.w3.org/2001/XMLSchema-instance" xsi:noNamespaceSchemaLocation="https://maven.apache.org/surefire/maven-surefire-plugin/xsd/surefire-test-report-3.0.xsd" version="3.0" name="al.golocal.GolocalApplicationTests" time="3.716" tests="1" errors="0" skipped="0" failures="0">
  <properties>
[...]
</properties>
  <testcase name="contextLoads" classname="al.golocal.GolocalApplicationTests" time="0.355">
    <system-out><![CDATA[16:54:39.094 [main] INFO org.springframework.test.context.support.AnnotationConfigContextLoaderUtils -- Could not detect default configuration classes for test class [al.golocal.GolocalApplicationTests]: GolocalApplicationTests does not declare any static, non-private, non-final, nested classes annotated with @Configuration.
16:54:39.148 [main] INFO org.springframework.boot.test.context.SpringBootTestContextBootstrapper -- Found @SpringBootConfiguration al.golocal.GolocalApplication for test class al.golocal.GolocalApplicationTests
16:54:39.226 [main] INFO org.springframework.boot.devtools.restart.RestartApplicationListener -- Restart disabled due to context in which it is running

  .   ____          _            __ _ _
 /\\ / ___'_ __ _ _(_)_ __  __ _ \ \ \ \
( ( )\___ | '_ | '_| | '_ \/ _` | \ \ \ \
 \\/  ___)| |_)| | | | | || (_| |  ) ) ) )
  '  |____| .__|_| |_|_| |_\__, | / / / /
 =========|_|==============|___/=/_/_/_/

 :: Spring Boot ::                (v3.3.5)

2024-12-23T16:54:39.361+01:00  INFO 3528 --- [golocal-api] [           main] al.golocal.GolocalApplicationTests       : Starting GolocalApplicationTests using Java 21.0.5 with PID 3528 (started by rifatosmani in /Users/rifatosmani/workspace/golocal/golocal-api)
2024-12-23T16:54:39.362+01:00  INFO 3528 --- [golocal-api] [           main] al.golocal.GolocalApplicationTests       : No active profile set, falling back to 1 default profile: "default"
2024-12-23T16:54:39.378+01:00 DEBUG 3528 --- [golocal-api] [           main] o.s.w.c.s.GenericWebApplicationContext   : Refreshing org.springframework.web.context.support.GenericWebApplicationContext@1deb2c43
2024-12-23T16:54:39.753+01:00  INFO 3528 --- [golocal-api] [           main] .s.d.r.c.RepositoryConfigurationDelegate : Bootstrapping Spring Data JPA repositories in DEFAULT mode.
2024-12-23T16:54:39.790+01:00  INFO 3528 --- [golocal-api] [           main] .s.d.r.c.RepositoryConfigurationDelegate : Finished Spring Data repository scanning in 33 ms. Found 7 JPA repository interfaces.
2024-12-23T16:54:40.077+01:00  INFO 3528 --- [golocal-api] [           main] o.hibernate.jpa.internal.util.LogHelper  : HHH000204: Processing PersistenceUnitInfo [name: default]
2024-12-23T16:54:40.103+01:00  INFO 3528 --- [golocal-api] [           main] org.hibernate.Version                    : HHH000412: Hibernate ORM core version 6.5.3.Final
2024-12-23T16:54:40.120+01:00  INFO 3528 --- [golocal-api] [           main] o.h.c.internal.RegionFactoryInitiator    : HHH000026: Second-level cache disabled
2024-12-23T16:54:40.288+01:00  INFO 3528 --- [golocal-api] [           main] o.s.o.j.p.SpringPersistenceUnitInfo      : No LoadTimeWeaver setup: ignoring JPA class transformer
2024-12-23T16:54:40.306+01:00  INFO 3528 --- [golocal-api] [           main] com.zaxxer.hikari.HikariDataSource       : HikariPool-1 - Starting...
2024-12-23T16:54:40.414+01:00  INFO 3528 --- [golocal-api] [           main] com.zaxxer.hikari.pool.HikariPool        : HikariPool-1 - Added connection org.postgresql.jdbc.PgConnection@7bc2bb58
2024-12-23T16:54:40.415+01:00  INFO 3528 --- [golocal-api] [           main] com.zaxxer.hikari.HikariDataSource       : HikariPool-1 - Start completed.
2024-12-23T16:54:40.432+01:00  WARN 3528 --- [golocal-api] [           main] org.hibernate.orm.deprecation            : HHH90000025: PostgreSQLDialect does not need to be specified explicitly using 'hibernate.dialect' (remove the property setting and it will be selected by default)
2024-12-23T16:54:40.982+01:00  INFO 3528 --- [golocal-api] [           main] o.h.e.t.j.p.i.JtaPlatformInitiator       : HHH000489: No JTA platform available (set 'hibernate.transaction.jta.platform' to enable JTA platform integration)
2024-12-23T16:54:41.067+01:00  INFO 3528 --- [golocal-api] [           main] j.LocalContainerEntityManagerFactoryBean : Initialized JPA EntityManagerFactory for persistence unit 'default'
2024-12-23T16:54:41.280+01:00  WARN 3528 --- [golocal-api] [           main] JpaBaseConfiguration$JpaWebConfiguration : spring.jpa.open-in-view is enabled by default. Therefore, database queries may be performed during view rendering. Explicitly configure spring.jpa.open-in-view to disable this warning
2024-12-23T16:54:41.359+01:00 DEBUG 3528 --- [golocal-api] [           main] .m.m.a.ExceptionHandlerExceptionResolver : ControllerAdvice beans: 1 @ExceptionHandler, 1 ResponseBodyAdvice
2024-12-23T16:54:41.407+01:00  INFO 3528 --- [golocal-api] [           main] eAuthenticationProviderManagerConfigurer : Global AuthenticationManager configured with AuthenticationProvider bean with name authenticationProvider
2024-12-23T16:54:41.407+01:00  WARN 3528 --- [golocal-api] [           main] r$InitializeUserDetailsManagerConfigurer : Global AuthenticationManager configured with an AuthenticationProvider bean. UserDetailsService beans will not be used for username/password login. Consider removing the AuthenticationProvider bean. Alternatively, consider using the UserDetailsService in a manually instantiated DaoAuthenticationProvider.
2024-12-23T16:54:41.583+01:00  INFO 3528 --- [golocal-api] [           main] o.s.d.j.r.query.QueryEnhancerFactory     : Hibernate is in classpath; If applicable, HQL parser will be used.
2024-12-23T16:54:42.069+01:00 DEBUG 3528 --- [golocal-api] [           main] s.w.s.m.m.a.RequestMappingHandlerMapping : 27 mappings in 'requestMappingHandlerMapping'
2024-12-23T16:54:42.090+01:00 DEBUG 3528 --- [golocal-api] [           main] o.s.w.s.handler.SimpleUrlHandlerMapping  : Patterns [/webjars/**, /**] in 'resourceHandlerMapping'
2024-12-23T16:54:42.115+01:00 DEBUG 3528 --- [golocal-api] [           main] o.s.s.web.DefaultSecurityFilterChain     : Will secure any request with filters: DisableEncodeUrlFilter, WebAsyncManagerIntegrationFilter, SecurityContextHolderFilter, HeaderWriterFilter, LogoutFilter, JwtAuthenticationFilter, RequestCacheAwareFilter, SecurityContextHolderAwareRequestFilter, AnonymousAuthenticationFilter, ExceptionTranslationFilter, AuthorizationFilter
2024-12-23T16:54:42.206+01:00 DEBUG 3528 --- [golocal-api] [           main] s.w.s.m.m.a.RequestMappingHandlerAdapter : ControllerAdvice beans: 0 @ModelAttribute, 0 @InitBinder, 1 RequestBodyAdvice, 1 ResponseBodyAdvice
al.golocal.entity.Role@7ce3c0cc
al.golocal.entity.Role@237a41ff
2024-12-23T16:54:42.358+01:00  INFO 3528 --- [golocal-api] [           main] al.golocal.GolocalApplicationTests       : Started GolocalApplicationTests in 3.137 seconds (process running for 3.639)
]]></system-out>
    <system-err><![CDATA[WARNING: A Java agent has been loaded dynamically (/Users/rifatosmani/.m2/repository/net/bytebuddy/byte-buddy-agent/1.14.19/byte-buddy-agent-1.14.19.jar)
WARNING: If a serviceability tool is in use, please run with -XX:+EnableDynamicAgentLoading to hide this warning
WARNING: If a serviceability tool is not in use, please run with -Djdk.instrument.traceUsage for more information
WARNING: Dynamic loading of agents will be disallowed by default in a future release
]]></system-err>
  </testcase>
</testsuite>