<?xml version="1.0" encoding="UTF-8"?>
<testsuite xmlns:xsi="http://www.w3.org/2001/XMLSchema-instance" xsi:noNamespaceSchemaLocation="https://maven.apache.org/surefire/maven-surefire-plugin/xsd/surefire-test-report-3.0.xsd" version="3.0" name="al.golocal.repository.SiteRepositoryTest" time="0.012" tests="1" errors="0" skipped="0" failures="0">
  <properties>
[...]
</properties>
  <testcase name="SiteRepository_saveSite_returnSite" classname="al.golocal.repository.SiteRepositoryTest" time="0.005">
    <system-out><![CDATA[2025-02-02T20:31:31.705+01:00  INFO 28377 --- [golocal-api] [           main] t.c.s.AnnotationConfigContextLoaderUtils : Could not detect default configuration classes for test class [al.golocal.repository.SiteRepositoryTest]: SiteRepositoryTest does not declare any static, non-private, non-final, nested classes annotated with @Configuration.
2025-02-02T20:31:31.710+01:00  INFO 28377 --- [golocal-api] [           main] .b.t.c.SpringBootTestContextBootstrapper : Found @SpringBootConfiguration al.golocal.GolocalApplication for test class al.golocal.repository.SiteRepositoryTest
Hibernate: select nextval('site_seq')
]]></system-out>
  </testcase>
</testsuite>